[2022-10-26 16:34:02] production.DEBUG: Message-ID: <50f2047525c72d873c1bca32dc868b89@localhost>
Date: Wed, 26 Oct 2022 16:34:02 +0100
Subject: This a test email
From: Bet-el Cakes <vamato1807@gmail.com>
To: Chef Sam <admin@restaurant.com>
MIME-Version: 1.0
Content-Type: multipart/alternative;
 boundary="_=_swift_1666798442_91d878a10ed2fc2174d1c6813e2af2c0_=_"



Content-Type: text/plain; charset=utf-8
Content-Transfer-Encoding: quoted-printable

This is a test email. If you've received this, it means emails are working in TastyIgniter.  
[2022-10-26 17:00:56] production.ERROR: ErrorException: Trying to access array offset on value of type null in C:\xampp\htdocs\testigniter\extensions\thoughtco\reports\controllers\Builder.php:228
Stack trace:
#0 C:\xampp\htdocs\testigniter\extensions\thoughtco\reports\controllers\Builder.php(228): Illuminate\Foundation\Bootstrap\HandleExceptions->handleError(2, 'Trying to acces...', 'C:\\xampp\\htdocs...', 228)
#1 [internal function]: Thoughtco\Reports\Controllers\Builder->view('view', '2')
#2 C:\xampp\htdocs\testigniter\app\admin\classes\AdminController.php(288): call_user_func_array(Array, Array)
#3 C:\xampp\htdocs\testigniter\app\admin\classes\AdminController.php(228): Admin\Classes\AdminController->execPageAction('view', Array)
#4 C:\xampp\htdocs\testigniter\app\system\classes\Controller.php(115): Admin\Classes\AdminController->remap('view', Array)
#5 C:\xampp\htdocs\testigniter\vendor\laravel\framework\src\Illuminate\Routing\Controller.php(54): System\Classes\Controller->runAdmin('thoughtco/repor...')
#6 C:\xampp\htdocs\testigniter\vendor\laravel\framework\src\Illuminate\Routing\ControllerDispatcher.php(45): Illuminate\Routing\Controller->callAction('runAdmin', Array)
#7 C:\xampp\htdocs\testigniter\vendor\laravel\framework\src\Illuminate\Routing\Route.php(262): Illuminate\Routing\ControllerDispatcher->dispatch(Object(Illuminate\Routing\Route), Object(System\Classes\Controller), 'runAdmin')
#8 C:\xampp\htdocs\testigniter\vendor\laravel\framework\src\Illuminate\Routing\Route.php(205): Illuminate\Routing\Route->runController()
#9 C:\xampp\htdocs\testigniter\vendor\laravel\framework\src\Illuminate\Routing\Router.php(721): Illuminate\Routing\Route->run()
#10 C:\xampp\htdocs\testigniter\vendor\laravel\framework\src\Illuminate\Pipeline\Pipeline.php(128): Illuminate\Routing\Router->Illuminate\Routing\{closure}(Object(Illuminate\Http\Request))
#11 C:\xampp\htdocs\testigniter\app\admin\middleware\LogUserLastSeen.php(23): Illuminate\Pipeline\Pipeline->Illuminate\Pipeline\{closure}(Object(Illuminate\Http\Request))
#12 C:\xampp\htdocs\testigniter\vendor\laravel\framework\src\Illuminate\Pipeline\Pipeline.php(167): Admin\Middleware\LogUserLastSeen->handle(Object(Illuminate\Http\Request), Object(Closure))
#13 C:\xampp\htdocs\testigniter\vendor\tastyigniter\flame\src\Translation\Middleware\Localization.php(27): Illuminate\Pipeline\Pipeline->Illuminate\Pipeline\{closure}(Object(Illuminate\Http\Request))
#14 C:\xampp\htdocs\testigniter\vendor\laravel\framework\src\Illuminate\Pipeline\Pipeline.php(167): Igniter\Flame\Translation\Middleware\Localization->handle(Object(Illuminate\Http\Request), Object(Closure))
#15 C:\xampp\htdocs\testigniter\vendor\laravel\framework\src\Illuminate\Routing\Middleware\SubstituteBindings.php(50): Illuminate\Pipeline\Pipeline->Illuminate\Pipeline\{closure}(Object(Illuminate\Http\Request))
#16 C:\xampp\htdocs\testigniter\vendor\laravel\framework\src\Illuminate\Pipeline\Pipeline.php(167): Illuminate\Routing\Middleware\SubstituteBindings->handle(Object(Illuminate\Http\Request), Object(Closure))
#17 C:\xampp\htdocs\testigniter\vendor\laravel\framework\src\Illuminate\View\Middleware\ShareErrorsFromSession.php(49): Illuminate\Pipeline\Pipeline->Illuminate\Pipeline\{closure}(Object(Illuminate\Http\Request))
#18 C:\xampp\htdocs\testigniter\vendor\laravel\framework\src\Illuminate\Pipeline\Pipeline.php(167): Illuminate\View\Middleware\ShareErrorsFromSession->handle(Object(Illuminate\Http\Request), Object(Closure))
#19 C:\xampp\htdocs\testigniter\vendor\laravel\framework\src\Illuminate\Session\Middleware\StartSession.php(121): Illuminate\Pipeline\Pipeline->Illuminate\Pipeline\{closure}(Object(Illuminate\Http\Request))
#20 C:\xampp\htdocs\testigniter\vendor\laravel\framework\src\Illuminate\Session\Middleware\StartSession.php(64): Illuminate\Session\Middleware\StartSession->handleStatefulRequest(Object(Illuminate\Http\Request), Object(Illuminate\Session\Store), Object(Closure))
#21 C:\xampp\htdocs\testigniter\vendor\laravel\framework\src\Illuminate\Pipeline\Pipeline.php(167): Illuminate\Session\Middleware\StartSession->handle(Object(Illuminate\Http\Request), Object(Closure))
#22 C:\xampp\htdocs\testigniter\vendor\laravel\framework\src\Illuminate\Cookie\Middleware\AddQueuedCookiesToResponse.php(37): Illuminate\Pipeline\Pipeline->Illuminate\Pipeline\{closure}(Object(Illuminate\Http\Request))
#23 C:\xampp\htdocs\testigniter\vendor\laravel\framework\src\Illuminate\Pipeline\Pipeline.php(167): Illuminate\Cookie\Middleware\AddQueuedCookiesToResponse->handle(Object(Illuminate\Http\Request), Object(Closure))
#24 C:\xampp\htdocs\testigniter\vendor\laravel\framework\src\Illuminate\Cookie\Middleware\EncryptCookies.php(67): Illuminate\Pipeline\Pipeline->Illuminate\Pipeline\{closure}(Object(Illuminate\Http\Request))
#25 C:\xampp\htdocs\testigniter\vendor\laravel\framework\src\Illuminate\Pipeline\Pipeline.php(167): Illuminate\Cookie\Middleware\EncryptCookies->handle(Object(Illuminate\Http\Request), Object(Closure))
#26 C:\xampp\htdocs\testigniter\vendor\laravel\framework\src\Illuminate\Pipeline\Pipeline.php(103): Illuminate\Pipeline\Pipeline->Illuminate\Pipeline\{closure}(Object(Illuminate\Http\Request))
#27 C:\xampp\htdocs\testigniter\vendor\laravel\framework\src\Illuminate\Routing\Router.php(723): Illuminate\Pipeline\Pipeline->then(Object(Closure))
#28 C:\xampp\htdocs\testigniter\vendor\laravel\framework\src\Illuminate\Routing\Router.php(698): Illuminate\Routing\Router->runRouteWithinStack(Object(Illuminate\Routing\Route), Object(Illuminate\Http\Request))
#29 C:\xampp\htdocs\testigniter\vendor\laravel\framework\src\Illuminate\Routing\Router.php(662): Illuminate\Routing\Router->runRoute(Object(Illuminate\Http\Request), Object(Illuminate\Routing\Route))
#30 C:\xampp\htdocs\testigniter\vendor\tastyigniter\flame\src\Router\CoreRouter.php(22): Illuminate\Routing\Router->dispatchToRoute(Object(Illuminate\Http\Request))
#31 C:\xampp\htdocs\testigniter\vendor\laravel\framework\src\Illuminate\Foundation\Http\Kernel.php(167): Igniter\Flame\Router\CoreRouter->dispatch(Object(Illuminate\Http\Request))
#32 C:\xampp\htdocs\testigniter\vendor\laravel\framework\src\Illuminate\Pipeline\Pipeline.php(128): Illuminate\Foundation\Http\Kernel->Illuminate\Foundation\Http\{closure}(Object(Illuminate\Http\Request))
#33 C:\xampp\htdocs\testigniter\vendor\tastyigniter\flame\src\Setting\Middleware\SaveSetting.php(27): Illuminate\Pipeline\Pipeline->Illuminate\Pipeline\{closure}(Object(Illuminate\Http\Request))
#34 C:\xampp\htdocs\testigniter\vendor\laravel\framework\src\Illuminate\Pipeline\Pipeline.php(167): Igniter\Flame\Setting\Middleware\SaveSetting->handle(Object(Illuminate\Http\Request), Object(Closure))
#35 C:\xampp\htdocs\testigniter\vendor\laravel\framework\src\Illuminate\Foundation\Http\Middleware\TransformsRequest.php(21): Illuminate\Pipeline\Pipeline->Illuminate\Pipeline\{closure}(Object(Illuminate\Http\Request))
#36 C:\xampp\htdocs\testigniter\vendor\laravel\framework\src\Illuminate\Foundation\Http\Middleware\TrimStrings.php(40): Illuminate\Foundation\Http\Middleware\TransformsRequest->handle(Object(Illuminate\Http\Request), Object(Closure))
#37 C:\xampp\htdocs\testigniter\vendor\laravel\framework\src\Illuminate\Pipeline\Pipeline.php(167): Illuminate\Foundation\Http\Middleware\TrimStrings->handle(Object(Illuminate\Http\Request), Object(Closure))
#38 C:\xampp\htdocs\testigniter\vendor\laravel\framework\src\Illuminate\Foundation\Http\Middleware\ValidatePostSize.php(27): Illuminate\Pipeline\Pipeline->Illuminate\Pipeline\{closure}(Object(Illuminate\Http\Request))
#39 C:\xampp\htdocs\testigniter\vendor\laravel\framework\src\Illuminate\Pipeline\Pipeline.php(167): Illuminate\Foundation\Http\Middleware\ValidatePostSize->handle(Object(Illuminate\Http\Request), Object(Closure))
#40 C:\xampp\htdocs\testigniter\vendor\laravel\framework\src\Illuminate\Foundation\Http\Middleware\PreventRequestsDuringMaintenance.php(86): Illuminate\Pipeline\Pipeline->Illuminate\Pipeline\{closure}(Object(Illuminate\Http\Request))
#41 C:\xampp\htdocs\testigniter\vendor\laravel\framework\src\Illuminate\Pipeline\Pipeline.php(167): Illuminate\Foundation\Http\Middleware\PreventRequestsDuringMaintenance->handle(Object(Illuminate\Http\Request), Object(Closure))
#42 C:\xampp\htdocs\testigniter\vendor\fruitcake\laravel-cors\src\HandleCors.php(38): Illuminate\Pipeline\Pipeline->Illuminate\Pipeline\{closure}(Object(Illuminate\Http\Request))
#43 C:\xampp\htdocs\testigniter\vendor\laravel\framework\src\Illuminate\Pipeline\Pipeline.php(167): Fruitcake\Cors\HandleCors->handle(Object(Illuminate\Http\Request), Object(Closure))
#44 C:\xampp\htdocs\testigniter\vendor\fideloper\proxy\src\TrustProxies.php(57): Illuminate\Pipeline\Pipeline->Illuminate\Pipeline\{closure}(Object(Illuminate\Http\Request))
#45 C:\xampp\htdocs\testigniter\vendor\laravel\framework\src\Illuminate\Pipeline\Pipeline.php(167): Fideloper\Proxy\TrustProxies->handle(Object(Illuminate\Http\Request), Object(Closure))
#46 C:\xampp\htdocs\testigniter\vendor\laravel\framework\src\Illuminate\Pipeline\Pipeline.php(103): Illuminate\Pipeline\Pipeline->Illuminate\Pipeline\{closure}(Object(Illuminate\Http\Request))
#47 C:\xampp\htdocs\testigniter\vendor\laravel\framework\src\Illuminate\Foundation\Http\Kernel.php(142): Illuminate\Pipeline\Pipeline->then(Object(Closure))
#48 C:\xampp\htdocs\testigniter\vendor\laravel\framework\src\Illuminate\Foundation\Http\Kernel.php(111): Illuminate\Foundation\Http\Kernel->sendRequestThroughRouter(Object(Illuminate\Http\Request))
#49 C:\xampp\htdocs\testigniter\index.php(53): Illuminate\Foundation\Http\Kernel->handle(Object(Illuminate\Http\Request))
#50 {main}  
[2022-10-26 17:01:03] production.ERROR: ErrorException: Trying to access array offset on value of type null in C:\xampp\htdocs\testigniter\extensions\thoughtco\reports\controllers\Builder.php:228
Stack trace:
#0 C:\xampp\htdocs\testigniter\extensions\thoughtco\reports\controllers\Builder.php(228): Illuminate\Foundation\Bootstrap\HandleExceptions->handleError(2, 'Trying to acces...', 'C:\\xampp\\htdocs...', 228)
#1 [internal function]: Thoughtco\Reports\Controllers\Builder->view('view', '1')
#2 C:\xampp\htdocs\testigniter\app\admin\classes\AdminController.php(288): call_user_func_array(Array, Array)
#3 C:\xampp\htdocs\testigniter\app\admin\classes\AdminController.php(228): Admin\Classes\AdminController->execPageAction('view', Array)
#4 C:\xampp\htdocs\testigniter\app\system\classes\Controller.php(115): Admin\Classes\AdminController->remap('view', Array)
#5 C:\xampp\htdocs\testigniter\vendor\laravel\framework\src\Illuminate\Routing\Controller.php(54): System\Classes\Controller->runAdmin('thoughtco/repor...')
#6 C:\xampp\htdocs\testigniter\vendor\laravel\framework\src\Illuminate\Routing\ControllerDispatcher.php(45): Illuminate\Routing\Controller->callAction('runAdmin', Array)
#7 C:\xampp\htdocs\testigniter\vendor\laravel\framework\src\Illuminate\Routing\Route.php(262): Illuminate\Routing\ControllerDispatcher->dispatch(Object(Illuminate\Routing\Route), Object(System\Classes\Controller), 'runAdmin')
#8 C:\xampp\htdocs\testigniter\vendor\laravel\framework\src\Illuminate\Routing\Route.php(205): Illuminate\Routing\Route->runController()
#9 C:\xampp\htdocs\testigniter\vendor\laravel\framework\src\Illuminate\Routing\Router.php(721): Illuminate\Routing\Route->run()
#10 C:\xampp\htdocs\testigniter\vendor\laravel\framework\src\Illuminate\Pipeline\Pipeline.php(128): Illuminate\Routing\Router->Illuminate\Routing\{closure}(Object(Illuminate\Http\Request))
#11 C:\xampp\htdocs\testigniter\app\admin\middleware\LogUserLastSeen.php(23): Illuminate\Pipeline\Pipeline->Illuminate\Pipeline\{closure}(Object(Illuminate\Http\Request))
#12 C:\xampp\htdocs\testigniter\vendor\laravel\framework\src\Illuminate\Pipeline\Pipeline.php(167): Admin\Middleware\LogUserLastSeen->handle(Object(Illuminate\Http\Request), Object(Closure))
#13 C:\xampp\htdocs\testigniter\vendor\tastyigniter\flame\src\Translation\Middleware\Localization.php(27): Illuminate\Pipeline\Pipeline->Illuminate\Pipeline\{closure}(Object(Illuminate\Http\Request))
#14 C:\xampp\htdocs\testigniter\vendor\laravel\framework\src\Illuminate\Pipeline\Pipeline.php(167): Igniter\Flame\Translation\Middleware\Localization->handle(Object(Illuminate\Http\Request), Object(Closure))
#15 C:\xampp\htdocs\testigniter\vendor\laravel\framework\src\Illuminate\Routing\Middleware\SubstituteBindings.php(50): Illuminate\Pipeline\Pipeline->Illuminate\Pipeline\{closure}(Object(Illuminate\Http\Request))
#16 C:\xampp\htdocs\testigniter\vendor\laravel\framework\src\Illuminate\Pipeline\Pipeline.php(167): Illuminate\Routing\Middleware\SubstituteBindings->handle(Object(Illuminate\Http\Request), Object(Closure))
#17 C:\xampp\htdocs\testigniter\vendor\laravel\framework\src\Illuminate\View\Middleware\ShareErrorsFromSession.php(49): Illuminate\Pipeline\Pipeline->Illuminate\Pipeline\{closure}(Object(Illuminate\Http\Request))
#18 C:\xampp\htdocs\testigniter\vendor\laravel\framework\src\Illuminate\Pipeline\Pipeline.php(167): Illuminate\View\Middleware\ShareErrorsFromSession->handle(Object(Illuminate\Http\Request), Object(Closure))
#19 C:\xampp\htdocs\testigniter\vendor\laravel\framework\src\Illuminate\Session\Middleware\StartSession.php(121): Illuminate\Pipeline\Pipeline->Illuminate\Pipeline\{closure}(Object(Illuminate\Http\Request))
#20 C:\xampp\htdocs\testigniter\vendor\laravel\framework\src\Illuminate\Session\Middleware\StartSession.php(64): Illuminate\Session\Middleware\StartSession->handleStatefulRequest(Object(Illuminate\Http\Request), Object(Illuminate\Session\Store), Object(Closure))
#21 C:\xampp\htdocs\testigniter\vendor\laravel\framework\src\Illuminate\Pipeline\Pipeline.php(167): Illuminate\Session\Middleware\StartSession->handle(Object(Illuminate\Http\Request), Object(Closure))
#22 C:\xampp\htdocs\testigniter\vendor\laravel\framework\src\Illuminate\Cookie\Middleware\AddQueuedCookiesToResponse.php(37): Illuminate\Pipeline\Pipeline->Illuminate\Pipeline\{closure}(Object(Illuminate\Http\Request))
#23 C:\xampp\htdocs\testigniter\vendor\laravel\framework\src\Illuminate\Pipeline\Pipeline.php(167): Illuminate\Cookie\Middleware\AddQueuedCookiesToResponse->handle(Object(Illuminate\Http\Request), Object(Closure))
#24 C:\xampp\htdocs\testigniter\vendor\laravel\framework\src\Illuminate\Cookie\Middleware\EncryptCookies.php(67): Illuminate\Pipeline\Pipeline->Illuminate\Pipeline\{closure}(Object(Illuminate\Http\Request))
#25 C:\xampp\htdocs\testigniter\vendor\laravel\framework\src\Illuminate\Pipeline\Pipeline.php(167): Illuminate\Cookie\Middleware\EncryptCookies->handle(Object(Illuminate\Http\Request), Object(Closure))
#26 C:\xampp\htdocs\testigniter\vendor\laravel\framework\src\Illuminate\Pipeline\Pipeline.php(103): Illuminate\Pipeline\Pipeline->Illuminate\Pipeline\{closure}(Object(Illuminate\Http\Request))
#27 C:\xampp\htdocs\testigniter\vendor\laravel\framework\src\Illuminate\Routing\Router.php(723): Illuminate\Pipeline\Pipeline->then(Object(Closure))
#28 C:\xampp\htdocs\testigniter\vendor\laravel\framework\src\Illuminate\Routing\Router.php(698): Illuminate\Routing\Router->runRouteWithinStack(Object(Illuminate\Routing\Route), Object(Illuminate\Http\Request))
#29 C:\xampp\htdocs\testigniter\vendor\laravel\framework\src\Illuminate\Routing\Router.php(662): Illuminate\Routing\Router->runRoute(Object(Illuminate\Http\Request), Object(Illuminate\Routing\Route))
#30 C:\xampp\htdocs\testigniter\vendor\tastyigniter\flame\src\Router\CoreRouter.php(22): Illuminate\Routing\Router->dispatchToRoute(Object(Illuminate\Http\Request))
#31 C:\xampp\htdocs\testigniter\vendor\laravel\framework\src\Illuminate\Foundation\Http\Kernel.php(167): Igniter\Flame\Router\CoreRouter->dispatch(Object(Illuminate\Http\Request))
#32 C:\xampp\htdocs\testigniter\vendor\laravel\framework\src\Illuminate\Pipeline\Pipeline.php(128): Illuminate\Foundation\Http\Kernel->Illuminate\Foundation\Http\{closure}(Object(Illuminate\Http\Request))
#33 C:\xampp\htdocs\testigniter\vendor\tastyigniter\flame\src\Setting\Middleware\SaveSetting.php(27): Illuminate\Pipeline\Pipeline->Illuminate\Pipeline\{closure}(Object(Illuminate\Http\Request))
#34 C:\xampp\htdocs\testigniter\vendor\laravel\framework\src\Illuminate\Pipeline\Pipeline.php(167): Igniter\Flame\Setting\Middleware\SaveSetting->handle(Object(Illuminate\Http\Request), Object(Closure))
#35 C:\xampp\htdocs\testigniter\vendor\laravel\framework\src\Illuminate\Foundation\Http\Middleware\TransformsRequest.php(21): Illuminate\Pipeline\Pipeline->Illuminate\Pipeline\{closure}(Object(Illuminate\Http\Request))
#36 C:\xampp\htdocs\testigniter\vendor\laravel\framework\src\Illuminate\Foundation\Http\Middleware\TrimStrings.php(40): Illuminate\Foundation\Http\Middleware\TransformsRequest->handle(Object(Illuminate\Http\Request), Object(Closure))
#37 C:\xampp\htdocs\testigniter\vendor\laravel\framework\src\Illuminate\Pipeline\Pipeline.php(167): Illuminate\Foundation\Http\Middleware\TrimStrings->handle(Object(Illuminate\Http\Request), Object(Closure))
#38 C:\xampp\htdocs\testigniter\vendor\laravel\framework\src\Illuminate\Foundation\Http\Middleware\ValidatePostSize.php(27): Illuminate\Pipeline\Pipeline->Illuminate\Pipeline\{closure}(Object(Illuminate\Http\Request))
#39 C:\xampp\htdocs\testigniter\vendor\laravel\framework\src\Illuminate\Pipeline\Pipeline.php(167): Illuminate\Foundation\Http\Middleware\ValidatePostSize->handle(Object(Illuminate\Http\Request), Object(Closure))
#40 C:\xampp\htdocs\testigniter\vendor\laravel\framework\src\Illuminate\Foundation\Http\Middleware\PreventRequestsDuringMaintenance.php(86): Illuminate\Pipeline\Pipeline->Illuminate\Pipeline\{closure}(Object(Illuminate\Http\Request))
#41 C:\xampp\htdocs\testigniter\vendor\laravel\framework\src\Illuminate\Pipeline\Pipeline.php(167): Illuminate\Foundation\Http\Middleware\PreventRequestsDuringMaintenance->handle(Object(Illuminate\Http\Request), Object(Closure))
#42 C:\xampp\htdocs\testigniter\vendor\fruitcake\laravel-cors\src\HandleCors.php(38): Illuminate\Pipeline\Pipeline->Illuminate\Pipeline\{closure}(Object(Illuminate\Http\Request))
#43 C:\xampp\htdocs\testigniter\vendor\laravel\framework\src\Illuminate\Pipeline\Pipeline.php(167): Fruitcake\Cors\HandleCors->handle(Object(Illuminate\Http\Request), Object(Closure))
#44 C:\xampp\htdocs\testigniter\vendor\fideloper\proxy\src\TrustProxies.php(57): Illuminate\Pipeline\Pipeline->Illuminate\Pipeline\{closure}(Object(Illuminate\Http\Request))
#45 C:\xampp\htdocs\testigniter\vendor\laravel\framework\src\Illuminate\Pipeline\Pipeline.php(167): Fideloper\Proxy\TrustProxies->handle(Object(Illuminate\Http\Request), Object(Closure))
#46 C:\xampp\htdocs\testigniter\vendor\laravel\framework\src\Illuminate\Pipeline\Pipeline.php(103): Illuminate\Pipeline\Pipeline->Illuminate\Pipeline\{closure}(Object(Illuminate\Http\Request))
#47 C:\xampp\htdocs\testigniter\vendor\laravel\framework\src\Illuminate\Foundation\Http\Kernel.php(142): Illuminate\Pipeline\Pipeline->then(Object(Closure))
#48 C:\xampp\htdocs\testigniter\vendor\laravel\framework\src\Illuminate\Foundation\Http\Kernel.php(111): Illuminate\Foundation\Http\Kernel->sendRequestThroughRouter(Object(Illuminate\Http\Request))
#49 C:\xampp\htdocs\testigniter\index.php(53): Illuminate\Foundation\Http\Kernel->handle(Object(Illuminate\Http\Request))
#50 {main}  
[2022-10-26 14:18:23] production.ERROR: ErrorException: Trying to access array offset on value of type null in C:\xampp\htdocs\testigniter\extensions\thoughtco\reports\controllers\Builder.php:228
Stack trace:
#0 C:\xampp\htdocs\testigniter\extensions\thoughtco\reports\controllers\Builder.php(228): Illuminate\Foundation\Bootstrap\HandleExceptions->handleError(2, 'Trying to acces...', 'C:\\xampp\\htdocs...', 228)
#1 [internal function]: Thoughtco\Reports\Controllers\Builder->view('view', '2')
#2 C:\xampp\htdocs\testigniter\app\admin\classes\AdminController.php(288): call_user_func_array(Array, Array)
#3 C:\xampp\htdocs\testigniter\app\admin\classes\AdminController.php(228): Admin\Classes\AdminController->execPageAction('view', Array)
#4 C:\xampp\htdocs\testigniter\app\system\classes\Controller.php(115): Admin\Classes\AdminController->remap('view', Array)
#5 C:\xampp\htdocs\testigniter\vendor\laravel\framework\src\Illuminate\Routing\Controller.php(54): System\Classes\Controller->runAdmin('thoughtco/repor...')
#6 C:\xampp\htdocs\testigniter\vendor\laravel\framework\src\Illuminate\Routing\ControllerDispatcher.php(45): Illuminate\Routing\Controller->callAction('runAdmin', Array)
#7 C:\xampp\htdocs\testigniter\vendor\laravel\framework\src\Illuminate\Routing\Route.php(262): Illuminate\Routing\ControllerDispatcher->dispatch(Object(Illuminate\Routing\Route), Object(System\Classes\Controller), 'runAdmin')
#8 C:\xampp\htdocs\testigniter\vendor\laravel\framework\src\Illuminate\Routing\Route.php(205): Illuminate\Routing\Route->runController()
#9 C:\xampp\htdocs\testigniter\vendor\laravel\framework\src\Illuminate\Routing\Router.php(721): Illuminate\Routing\Route->run()
#10 C:\xampp\htdocs\testigniter\vendor\laravel\framework\src\Illuminate\Pipeline\Pipeline.php(128): Illuminate\Routing\Router->Illuminate\Routing\{closure}(Object(Illuminate\Http\Request))
#11 C:\xampp\htdocs\testigniter\app\admin\middleware\LogUserLastSeen.php(23): Illuminate\Pipeline\Pipeline->Illuminate\Pipeline\{closure}(Object(Illuminate\Http\Request))
#12 C:\xampp\htdocs\testigniter\vendor\laravel\framework\src\Illuminate\Pipeline\Pipeline.php(167): Admin\Middleware\LogUserLastSeen->handle(Object(Illuminate\Http\Request), Object(Closure))
#13 C:\xampp\htdocs\testigniter\vendor\tastyigniter\flame\src\Translation\Middleware\Localization.php(27): Illuminate\Pipeline\Pipeline->Illuminate\Pipeline\{closure}(Object(Illuminate\Http\Request))
#14 C:\xampp\htdocs\testigniter\vendor\laravel\framework\src\Illuminate\Pipeline\Pipeline.php(167): Igniter\Flame\Translation\Middleware\Localization->handle(Object(Illuminate\Http\Request), Object(Closure))
#15 C:\xampp\htdocs\testigniter\vendor\laravel\framework\src\Illuminate\Routing\Middleware\SubstituteBindings.php(50): Illuminate\Pipeline\Pipeline->Illuminate\Pipeline\{closure}(Object(Illuminate\Http\Request))
#16 C:\xampp\htdocs\testigniter\vendor\laravel\framework\src\Illuminate\Pipeline\Pipeline.php(167): Illuminate\Routing\Middleware\SubstituteBindings->handle(Object(Illuminate\Http\Request), Object(Closure))
#17 C:\xampp\htdocs\testigniter\vendor\laravel\framework\src\Illuminate\View\Middleware\ShareErrorsFromSession.php(49): Illuminate\Pipeline\Pipeline->Illuminate\Pipeline\{closure}(Object(Illuminate\Http\Request))
#18 C:\xampp\htdocs\testigniter\vendor\laravel\framework\src\Illuminate\Pipeline\Pipeline.php(167): Illuminate\View\Middleware\ShareErrorsFromSession->handle(Object(Illuminate\Http\Request), Object(Closure))
#19 C:\xampp\htdocs\testigniter\vendor\laravel\framework\src\Illuminate\Session\Middleware\StartSession.php(121): Illuminate\Pipeline\Pipeline->Illuminate\Pipeline\{closure}(Object(Illuminate\Http\Request))
#20 C:\xampp\htdocs\testigniter\vendor\laravel\framework\src\Illuminate\Session\Middleware\StartSession.php(64): Illuminate\Session\Middleware\StartSession->handleStatefulRequest(Object(Illuminate\Http\Request), Object(Illuminate\Session\Store), Object(Closure))
#21 C:\xampp\htdocs\testigniter\vendor\laravel\framework\src\Illuminate\Pipeline\Pipeline.php(167): Illuminate\Session\Middleware\StartSession->handle(Object(Illuminate\Http\Request), Object(Closure))
#22 C:\xampp\htdocs\testigniter\vendor\laravel\framework\src\Illuminate\Cookie\Middleware\AddQueuedCookiesToResponse.php(37): Illuminate\Pipeline\Pipeline->Illuminate\Pipeline\{closure}(Object(Illuminate\Http\Request))
#23 C:\xampp\htdocs\testigniter\vendor\laravel\framework\src\Illuminate\Pipeline\Pipeline.php(167): Illuminate\Cookie\Middleware\AddQueuedCookiesToResponse->handle(Object(Illuminate\Http\Request), Object(Closure))
#24 C:\xampp\htdocs\testigniter\vendor\laravel\framework\src\Illuminate\Cookie\Middleware\EncryptCookies.php(67): Illuminate\Pipeline\Pipeline->Illuminate\Pipeline\{closure}(Object(Illuminate\Http\Request))
#25 C:\xampp\htdocs\testigniter\vendor\laravel\framework\src\Illuminate\Pipeline\Pipeline.php(167): Illuminate\Cookie\Middleware\EncryptCookies->handle(Object(Illuminate\Http\Request), Object(Closure))
#26 C:\xampp\htdocs\testigniter\vendor\laravel\framework\src\Illuminate\Pipeline\Pipeline.php(103): Illuminate\Pipeline\Pipeline->Illuminate\Pipeline\{closure}(Object(Illuminate\Http\Request))
#27 C:\xampp\htdocs\testigniter\vendor\laravel\framework\src\Illuminate\Routing\Router.php(723): Illuminate\Pipeline\Pipeline->then(Object(Closure))
#28 C:\xampp\htdocs\testigniter\vendor\laravel\framework\src\Illuminate\Routing\Router.php(698): Illuminate\Routing\Router->runRouteWithinStack(Object(Illuminate\Routing\Route), Object(Illuminate\Http\Request))
#29 C:\xampp\htdocs\testigniter\vendor\laravel\framework\src\Illuminate\Routing\Router.php(662): Illuminate\Routing\Router->runRoute(Object(Illuminate\Http\Request), Object(Illuminate\Routing\Route))
#30 C:\xampp\htdocs\testigniter\vendor\tastyigniter\flame\src\Router\CoreRouter.php(22): Illuminate\Routing\Router->dispatchToRoute(Object(Illuminate\Http\Request))
#31 C:\xampp\htdocs\testigniter\vendor\laravel\framework\src\Illuminate\Foundation\Http\Kernel.php(167): Igniter\Flame\Router\CoreRouter->dispatch(Object(Illuminate\Http\Request))
#32 C:\xampp\htdocs\testigniter\vendor\laravel\framework\src\Illuminate\Pipeline\Pipeline.php(128): Illuminate\Foundation\Http\Kernel->Illuminate\Foundation\Http\{closure}(Object(Illuminate\Http\Request))
#33 C:\xampp\htdocs\testigniter\vendor\tastyigniter\flame\src\Setting\Middleware\SaveSetting.php(27): Illuminate\Pipeline\Pipeline->Illuminate\Pipeline\{closure}(Object(Illuminate\Http\Request))
#34 C:\xampp\htdocs\testigniter\vendor\laravel\framework\src\Illuminate\Pipeline\Pipeline.php(167): Igniter\Flame\Setting\Middleware\SaveSetting->handle(Object(Illuminate\Http\Request), Object(Closure))
#35 C:\xampp\htdocs\testigniter\vendor\laravel\framework\src\Illuminate\Foundation\Http\Middleware\TransformsRequest.php(21): Illuminate\Pipeline\Pipeline->Illuminate\Pipeline\{closure}(Object(Illuminate\Http\Request))
#36 C:\xampp\htdocs\testigniter\vendor\laravel\framework\src\Illuminate\Foundation\Http\Middleware\TrimStrings.php(40): Illuminate\Foundation\Http\Middleware\TransformsRequest->handle(Object(Illuminate\Http\Request), Object(Closure))
#37 C:\xampp\htdocs\testigniter\vendor\laravel\framework\src\Illuminate\Pipeline\Pipeline.php(167): Illuminate\Foundation\Http\Middleware\TrimStrings->handle(Object(Illuminate\Http\Request), Object(Closure))
#38 C:\xampp\htdocs\testigniter\vendor\laravel\framework\src\Illuminate\Foundation\Http\Middleware\ValidatePostSize.php(27): Illuminate\Pipeline\Pipeline->Illuminate\Pipeline\{closure}(Object(Illuminate\Http\Request))
#39 C:\xampp\htdocs\testigniter\vendor\laravel\framework\src\Illuminate\Pipeline\Pipeline.php(167): Illuminate\Foundation\Http\Middleware\ValidatePostSize->handle(Object(Illuminate\Http\Request), Object(Closure))
#40 C:\xampp\htdocs\testigniter\vendor\laravel\framework\src\Illuminate\Foundation\Http\Middleware\PreventRequestsDuringMaintenance.php(86): Illuminate\Pipeline\Pipeline->Illuminate\Pipeline\{closure}(Object(Illuminate\Http\Request))
#41 C:\xampp\htdocs\testigniter\vendor\laravel\framework\src\Illuminate\Pipeline\Pipeline.php(167): Illuminate\Foundation\Http\Middleware\PreventRequestsDuringMaintenance->handle(Object(Illuminate\Http\Request), Object(Closure))
#42 C:\xampp\htdocs\testigniter\vendor\fruitcake\laravel-cors\src\HandleCors.php(38): Illuminate\Pipeline\Pipeline->Illuminate\Pipeline\{closure}(Object(Illuminate\Http\Request))
#43 C:\xampp\htdocs\testigniter\vendor\laravel\framework\src\Illuminate\Pipeline\Pipeline.php(167): Fruitcake\Cors\HandleCors->handle(Object(Illuminate\Http\Request), Object(Closure))
#44 C:\xampp\htdocs\testigniter\vendor\fideloper\proxy\src\TrustProxies.php(57): Illuminate\Pipeline\Pipeline->Illuminate\Pipeline\{closure}(Object(Illuminate\Http\Request))
#45 C:\xampp\htdocs\testigniter\vendor\laravel\framework\src\Illuminate\Pipeline\Pipeline.php(167): Fideloper\Proxy\TrustProxies->handle(Object(Illuminate\Http\Request), Object(Closure))
#46 C:\xampp\htdocs\testigniter\extensions\igniter\api\vendor\dingo\api\src\Http\Middleware\Request.php(111): Illuminate\Pipeline\Pipeline->Illuminate\Pipeline\{closure}(Object(Illuminate\Http\Request))
#47 C:\xampp\htdocs\testigniter\vendor\laravel\framework\src\Illuminate\Pipeline\Pipeline.php(167): Dingo\Api\Http\Middleware\Request->handle(Object(Illuminate\Http\Request), Object(Closure))
#48 C:\xampp\htdocs\testigniter\vendor\laravel\framework\src\Illuminate\Pipeline\Pipeline.php(103): Illuminate\Pipeline\Pipeline->Illuminate\Pipeline\{closure}(Object(Illuminate\Http\Request))
#49 C:\xampp\htdocs\testigniter\vendor\laravel\framework\src\Illuminate\Foundation\Http\Kernel.php(142): Illuminate\Pipeline\Pipeline->then(Object(Closure))
#50 C:\xampp\htdocs\testigniter\vendor\laravel\framework\src\Illuminate\Foundation\Http\Kernel.php(111): Illuminate\Foundation\Http\Kernel->sendRequestThroughRouter(Object(Illuminate\Http\Request))
#51 C:\xampp\htdocs\testigniter\index.php(53): Illuminate\Foundation\Http\Kernel->handle(Object(Illuminate\Http\Request))
#52 {main}  
[2022-10-26 15:09:37] production.ERROR: ErrorException: Trying to access array offset on value of type null in C:\xampp\htdocs\testigniter\extensions\thoughtco\reports\controllers\Builder.php:228
Stack trace:
#0 C:\xampp\htdocs\testigniter\extensions\thoughtco\reports\controllers\Builder.php(228): Illuminate\Foundation\Bootstrap\HandleExceptions->handleError(2, 'Trying to acces...', 'C:\\xampp\\htdocs...', 228)
#1 [internal function]: Thoughtco\Reports\Controllers\Builder->view('view', '1')
#2 C:\xampp\htdocs\testigniter\app\admin\classes\AdminController.php(288): call_user_func_array(Array, Array)
#3 C:\xampp\htdocs\testigniter\app\admin\classes\AdminController.php(228): Admin\Classes\AdminController->execPageAction('view', Array)
#4 C:\xampp\htdocs\testigniter\app\system\classes\Controller.php(115): Admin\Classes\AdminController->remap('view', Array)
#5 C:\xampp\htdocs\testigniter\vendor\laravel\framework\src\Illuminate\Routing\Controller.php(54): System\Classes\Controller->runAdmin('thoughtco/repor...')
#6 C:\xampp\htdocs\testigniter\vendor\laravel\framework\src\Illuminate\Routing\ControllerDispatcher.php(45): Illuminate\Routing\Controller->callAction('runAdmin', Array)
#7 C:\xampp\htdocs\testigniter\vendor\laravel\framework\src\Illuminate\Routing\Route.php(262): Illuminate\Routing\ControllerDispatcher->dispatch(Object(Illuminate\Routing\Route), Object(System\Classes\Controller), 'runAdmin')
#8 C:\xampp\htdocs\testigniter\vendor\laravel\framework\src\Illuminate\Routing\Route.php(205): Illuminate\Routing\Route->runController()
#9 C:\xampp\htdocs\testigniter\vendor\laravel\framework\src\Illuminate\Routing\Router.php(721): Illuminate\Routing\Route->run()
#10 C:\xampp\htdocs\testigniter\vendor\laravel\framework\src\Illuminate\Pipeline\Pipeline.php(128): Illuminate\Routing\Router->Illuminate\Routing\{closure}(Object(Illuminate\Http\Request))
#11 C:\xampp\htdocs\testigniter\app\admin\middleware\LogUserLastSeen.php(23): Illuminate\Pipeline\Pipeline->Illuminate\Pipeline\{closure}(Object(Illuminate\Http\Request))
#12 C:\xampp\htdocs\testigniter\vendor\laravel\framework\src\Illuminate\Pipeline\Pipeline.php(167): Admin\Middleware\LogUserLastSeen->handle(Object(Illuminate\Http\Request), Object(Closure))
#13 C:\xampp\htdocs\testigniter\vendor\tastyigniter\flame\src\Translation\Middleware\Localization.php(27): Illuminate\Pipeline\Pipeline->Illuminate\Pipeline\{closure}(Object(Illuminate\Http\Request))
#14 C:\xampp\htdocs\testigniter\vendor\laravel\framework\src\Illuminate\Pipeline\Pipeline.php(167): Igniter\Flame\Translation\Middleware\Localization->handle(Object(Illuminate\Http\Request), Object(Closure))
#15 C:\xampp\htdocs\testigniter\vendor\laravel\framework\src\Illuminate\Routing\Middleware\SubstituteBindings.php(50): Illuminate\Pipeline\Pipeline->Illuminate\Pipeline\{closure}(Object(Illuminate\Http\Request))
#16 C:\xampp\htdocs\testigniter\vendor\laravel\framework\src\Illuminate\Pipeline\Pipeline.php(167): Illuminate\Routing\Middleware\SubstituteBindings->handle(Object(Illuminate\Http\Request), Object(Closure))
#17 C:\xampp\htdocs\testigniter\vendor\laravel\framework\src\Illuminate\View\Middleware\ShareErrorsFromSession.php(49): Illuminate\Pipeline\Pipeline->Illuminate\Pipeline\{closure}(Object(Illuminate\Http\Request))
#18 C:\xampp\htdocs\testigniter\vendor\laravel\framework\src\Illuminate\Pipeline\Pipeline.php(167): Illuminate\View\Middleware\ShareErrorsFromSession->handle(Object(Illuminate\Http\Request), Object(Closure))
#19 C:\xampp\htdocs\testigniter\vendor\laravel\framework\src\Illuminate\Session\Middleware\StartSession.php(121): Illuminate\Pipeline\Pipeline->Illuminate\Pipeline\{closure}(Object(Illuminate\Http\Request))
#20 C:\xampp\htdocs\testigniter\vendor\laravel\framework\src\Illuminate\Session\Middleware\StartSession.php(64): Illuminate\Session\Middleware\StartSession->handleStatefulRequest(Object(Illuminate\Http\Request), Object(Illuminate\Session\Store), Object(Closure))
#21 C:\xampp\htdocs\testigniter\vendor\laravel\framework\src\Illuminate\Pipeline\Pipeline.php(167): Illuminate\Session\Middleware\StartSession->handle(Object(Illuminate\Http\Request), Object(Closure))
#22 C:\xampp\htdocs\testigniter\vendor\laravel\framework\src\Illuminate\Cookie\Middleware\AddQueuedCookiesToResponse.php(37): Illuminate\Pipeline\Pipeline->Illuminate\Pipeline\{closure}(Object(Illuminate\Http\Request))
#23 C:\xampp\htdocs\testigniter\vendor\laravel\framework\src\Illuminate\Pipeline\Pipeline.php(167): Illuminate\Cookie\Middleware\AddQueuedCookiesToResponse->handle(Object(Illuminate\Http\Request), Object(Closure))
#24 C:\xampp\htdocs\testigniter\vendor\laravel\framework\src\Illuminate\Cookie\Middleware\EncryptCookies.php(67): Illuminate\Pipeline\Pipeline->Illuminate\Pipeline\{closure}(Object(Illuminate\Http\Request))
#25 C:\xampp\htdocs\testigniter\vendor\laravel\framework\src\Illuminate\Pipeline\Pipeline.php(167): Illuminate\Cookie\Middleware\EncryptCookies->handle(Object(Illuminate\Http\Request), Object(Closure))
#26 C:\xampp\htdocs\testigniter\vendor\laravel\framework\src\Illuminate\Pipeline\Pipeline.php(103): Illuminate\Pipeline\Pipeline->Illuminate\Pipeline\{closure}(Object(Illuminate\Http\Request))
#27 C:\xampp\htdocs\testigniter\vendor\laravel\framework\src\Illuminate\Routing\Router.php(723): Illuminate\Pipeline\Pipeline->then(Object(Closure))
#28 C:\xampp\htdocs\testigniter\vendor\laravel\framework\src\Illuminate\Routing\Router.php(698): Illuminate\Routing\Router->runRouteWithinStack(Object(Illuminate\Routing\Route), Object(Illuminate\Http\Request))
#29 C:\xampp\htdocs\testigniter\vendor\laravel\framework\src\Illuminate\Routing\Router.php(662): Illuminate\Routing\Router->runRoute(Object(Illuminate\Http\Request), Object(Illuminate\Routing\Route))
#30 C:\xampp\htdocs\testigniter\vendor\tastyigniter\flame\src\Router\CoreRouter.php(22): Illuminate\Routing\Router->dispatchToRoute(Object(Illuminate\Http\Request))
#31 C:\xampp\htdocs\testigniter\vendor\laravel\framework\src\Illuminate\Foundation\Http\Kernel.php(167): Igniter\Flame\Router\CoreRouter->dispatch(Object(Illuminate\Http\Request))
#32 C:\xampp\htdocs\testigniter\vendor\laravel\framework\src\Illuminate\Pipeline\Pipeline.php(128): Illuminate\Foundation\Http\Kernel->Illuminate\Foundation\Http\{closure}(Object(Illuminate\Http\Request))
#33 C:\xampp\htdocs\testigniter\vendor\tastyigniter\flame\src\Setting\Middleware\SaveSetting.php(27): Illuminate\Pipeline\Pipeline->Illuminate\Pipeline\{closure}(Object(Illuminate\Http\Request))
#34 C:\xampp\htdocs\testigniter\vendor\laravel\framework\src\Illuminate\Pipeline\Pipeline.php(167): Igniter\Flame\Setting\Middleware\SaveSetting->handle(Object(Illuminate\Http\Request), Object(Closure))
#35 C:\xampp\htdocs\testigniter\vendor\laravel\framework\src\Illuminate\Foundation\Http\Middleware\TransformsRequest.php(21): Illuminate\Pipeline\Pipeline->Illuminate\Pipeline\{closure}(Object(Illuminate\Http\Request))
#36 C:\xampp\htdocs\testigniter\vendor\laravel\framework\src\Illuminate\Foundation\Http\Middleware\TrimStrings.php(40): Illuminate\Foundation\Http\Middleware\TransformsRequest->handle(Object(Illuminate\Http\Request), Object(Closure))
#37 C:\xampp\htdocs\testigniter\vendor\laravel\framework\src\Illuminate\Pipeline\Pipeline.php(167): Illuminate\Foundation\Http\Middleware\TrimStrings->handle(Object(Illuminate\Http\Request), Object(Closure))
#38 C:\xampp\htdocs\testigniter\vendor\laravel\framework\src\Illuminate\Foundation\Http\Middleware\ValidatePostSize.php(27): Illuminate\Pipeline\Pipeline->Illuminate\Pipeline\{closure}(Object(Illuminate\Http\Request))
#39 C:\xampp\htdocs\testigniter\vendor\laravel\framework\src\Illuminate\Pipeline\Pipeline.php(167): Illuminate\Foundation\Http\Middleware\ValidatePostSize->handle(Object(Illuminate\Http\Request), Object(Closure))
#40 C:\xampp\htdocs\testigniter\vendor\laravel\framework\src\Illuminate\Foundation\Http\Middleware\PreventRequestsDuringMaintenance.php(86): Illuminate\Pipeline\Pipeline->Illuminate\Pipeline\{closure}(Object(Illuminate\Http\Request))
#41 C:\xampp\htdocs\testigniter\vendor\laravel\framework\src\Illuminate\Pipeline\Pipeline.php(167): Illuminate\Foundation\Http\Middleware\PreventRequestsDuringMaintenance->handle(Object(Illuminate\Http\Request), Object(Closure))
#42 C:\xampp\htdocs\testigniter\vendor\fruitcake\laravel-cors\src\HandleCors.php(38): Illuminate\Pipeline\Pipeline->Illuminate\Pipeline\{closure}(Object(Illuminate\Http\Request))
#43 C:\xampp\htdocs\testigniter\vendor\laravel\framework\src\Illuminate\Pipeline\Pipeline.php(167): Fruitcake\Cors\HandleCors->handle(Object(Illuminate\Http\Request), Object(Closure))
#44 C:\xampp\htdocs\testigniter\vendor\fideloper\proxy\src\TrustProxies.php(57): Illuminate\Pipeline\Pipeline->Illuminate\Pipeline\{closure}(Object(Illuminate\Http\Request))
#45 C:\xampp\htdocs\testigniter\vendor\laravel\framework\src\Illuminate\Pipeline\Pipeline.php(167): Fideloper\Proxy\TrustProxies->handle(Object(Illuminate\Http\Request), Object(Closure))
#46 C:\xampp\htdocs\testigniter\extensions\igniter\api\vendor\dingo\api\src\Http\Middleware\Request.php(111): Illuminate\Pipeline\Pipeline->Illuminate\Pipeline\{closure}(Object(Illuminate\Http\Request))
#47 C:\xampp\htdocs\testigniter\vendor\laravel\framework\src\Illuminate\Pipeline\Pipeline.php(167): Dingo\Api\Http\Middleware\Request->handle(Object(Illuminate\Http\Request), Object(Closure))
#48 C:\xampp\htdocs\testigniter\vendor\laravel\framework\src\Illuminate\Pipeline\Pipeline.php(103): Illuminate\Pipeline\Pipeline->Illuminate\Pipeline\{closure}(Object(Illuminate\Http\Request))
#49 C:\xampp\htdocs\testigniter\vendor\laravel\framework\src\Illuminate\Foundation\Http\Kernel.php(142): Illuminate\Pipeline\Pipeline->then(Object(Closure))
#50 C:\xampp\htdocs\testigniter\vendor\laravel\framework\src\Illuminate\Foundation\Http\Kernel.php(111): Illuminate\Foundation\Http\Kernel->sendRequestThroughRouter(Object(Illuminate\Http\Request))
#51 C:\xampp\htdocs\testigniter\index.php(53): Illuminate\Foundation\Http\Kernel->handle(Object(Illuminate\Http\Request))
#52 {main}  
[2022-10-26 15:09:44] production.ERROR: ErrorException: Trying to access array offset on value of type null in C:\xampp\htdocs\testigniter\extensions\thoughtco\reports\controllers\Builder.php:228
Stack trace:
#0 C:\xampp\htdocs\testigniter\extensions\thoughtco\reports\controllers\Builder.php(228): Illuminate\Foundation\Bootstrap\HandleExceptions->handleError(2, 'Trying to acces...', 'C:\\xampp\\htdocs...', 228)
#1 [internal function]: Thoughtco\Reports\Controllers\Builder->view('view', '1')
#2 C:\xampp\htdocs\testigniter\app\admin\classes\AdminController.php(288): call_user_func_array(Array, Array)
#3 C:\xampp\htdocs\testigniter\app\admin\classes\AdminController.php(228): Admin\Classes\AdminController->execPageAction('view', Array)
#4 C:\xampp\htdocs\testigniter\app\system\classes\Controller.php(115): Admin\Classes\AdminController->remap('view', Array)
#5 C:\xampp\htdocs\testigniter\vendor\laravel\framework\src\Illuminate\Routing\Controller.php(54): System\Classes\Controller->runAdmin('thoughtco/repor...')
#6 C:\xampp\htdocs\testigniter\vendor\laravel\framework\src\Illuminate\Routing\ControllerDispatcher.php(45): Illuminate\Routing\Controller->callAction('runAdmin', Array)
#7 C:\xampp\htdocs\testigniter\vendor\laravel\framework\src\Illuminate\Routing\Route.php(262): Illuminate\Routing\ControllerDispatcher->dispatch(Object(Illuminate\Routing\Route), Object(System\Classes\Controller), 'runAdmin')
#8 C:\xampp\htdocs\testigniter\vendor\laravel\framework\src\Illuminate\Routing\Route.php(205): Illuminate\Routing\Route->runController()
#9 C:\xampp\htdocs\testigniter\vendor\laravel\framework\src\Illuminate\Routing\Router.php(721): Illuminate\Routing\Route->run()
#10 C:\xampp\htdocs\testigniter\vendor\laravel\framework\src\Illuminate\Pipeline\Pipeline.php(128): Illuminate\Routing\Router->Illuminate\Routing\{closure}(Object(Illuminate\Http\Request))
#11 C:\xampp\htdocs\testigniter\app\admin\middleware\LogUserLastSeen.php(23): Illuminate\Pipeline\Pipeline->Illuminate\Pipeline\{closure}(Object(Illuminate\Http\Request))
#12 C:\xampp\htdocs\testigniter\vendor\laravel\framework\src\Illuminate\Pipeline\Pipeline.php(167): Admin\Middleware\LogUserLastSeen->handle(Object(Illuminate\Http\Request), Object(Closure))
#13 C:\xampp\htdocs\testigniter\vendor\tastyigniter\flame\src\Translation\Middleware\Localization.php(27): Illuminate\Pipeline\Pipeline->Illuminate\Pipeline\{closure}(Object(Illuminate\Http\Request))
#14 C:\xampp\htdocs\testigniter\vendor\laravel\framework\src\Illuminate\Pipeline\Pipeline.php(167): Igniter\Flame\Translation\Middleware\Localization->handle(Object(Illuminate\Http\Request), Object(Closure))
#15 C:\xampp\htdocs\testigniter\vendor\laravel\framework\src\Illuminate\Routing\Middleware\SubstituteBindings.php(50): Illuminate\Pipeline\Pipeline->Illuminate\Pipeline\{closure}(Object(Illuminate\Http\Request))
#16 C:\xampp\htdocs\testigniter\vendor\laravel\framework\src\Illuminate\Pipeline\Pipeline.php(167): Illuminate\Routing\Middleware\SubstituteBindings->handle(Object(Illuminate\Http\Request), Object(Closure))
#17 C:\xampp\htdocs\testigniter\vendor\laravel\framework\src\Illuminate\View\Middleware\ShareErrorsFromSession.php(49): Illuminate\Pipeline\Pipeline->Illuminate\Pipeline\{closure}(Object(Illuminate\Http\Request))
#18 C:\xampp\htdocs\testigniter\vendor\laravel\framework\src\Illuminate\Pipeline\Pipeline.php(167): Illuminate\View\Middleware\ShareErrorsFromSession->handle(Object(Illuminate\Http\Request), Object(Closure))
#19 C:\xampp\htdocs\testigniter\vendor\laravel\framework\src\Illuminate\Session\Middleware\StartSession.php(121): Illuminate\Pipeline\Pipeline->Illuminate\Pipeline\{closure}(Object(Illuminate\Http\Request))
#20 C:\xampp\htdocs\testigniter\vendor\laravel\framework\src\Illuminate\Session\Middleware\StartSession.php(64): Illuminate\Session\Middleware\StartSession->handleStatefulRequest(Object(Illuminate\Http\Request), Object(Illuminate\Session\Store), Object(Closure))
#21 C:\xampp\htdocs\testigniter\vendor\laravel\framework\src\Illuminate\Pipeline\Pipeline.php(167): Illuminate\Session\Middleware\StartSession->handle(Object(Illuminate\Http\Request), Object(Closure))
#22 C:\xampp\htdocs\testigniter\vendor\laravel\framework\src\Illuminate\Cookie\Middleware\AddQueuedCookiesToResponse.php(37): Illuminate\Pipeline\Pipeline->Illuminate\Pipeline\{closure}(Object(Illuminate\Http\Request))
#23 C:\xampp\htdocs\testigniter\vendor\laravel\framework\src\Illuminate\Pipeline\Pipeline.php(167): Illuminate\Cookie\Middleware\AddQueuedCookiesToResponse->handle(Object(Illuminate\Http\Request), Object(Closure))
#24 C:\xampp\htdocs\testigniter\vendor\laravel\framework\src\Illuminate\Cookie\Middleware\EncryptCookies.php(67): Illuminate\Pipeline\Pipeline->Illuminate\Pipeline\{closure}(Object(Illuminate\Http\Request))
#25 C:\xampp\htdocs\testigniter\vendor\laravel\framework\src\Illuminate\Pipeline\Pipeline.php(167): Illuminate\Cookie\Middleware\EncryptCookies->handle(Object(Illuminate\Http\Request), Object(Closure))
#26 C:\xampp\htdocs\testigniter\vendor\laravel\framework\src\Illuminate\Pipeline\Pipeline.php(103): Illuminate\Pipeline\Pipeline->Illuminate\Pipeline\{closure}(Object(Illuminate\Http\Request))
#27 C:\xampp\htdocs\testigniter\vendor\laravel\framework\src\Illuminate\Routing\Router.php(723): Illuminate\Pipeline\Pipeline->then(Object(Closure))
#28 C:\xampp\htdocs\testigniter\vendor\laravel\framework\src\Illuminate\Routing\Router.php(698): Illuminate\Routing\Router->runRouteWithinStack(Object(Illuminate\Routing\Route), Object(Illuminate\Http\Request))
#29 C:\xampp\htdocs\testigniter\vendor\laravel\framework\src\Illuminate\Routing\Router.php(662): Illuminate\Routing\Router->runRoute(Object(Illuminate\Http\Request), Object(Illuminate\Routing\Route))
#30 C:\xampp\htdocs\testigniter\vendor\tastyigniter\flame\src\Router\CoreRouter.php(22): Illuminate\Routing\Router->dispatchToRoute(Object(Illuminate\Http\Request))
#31 C:\xampp\htdocs\testigniter\vendor\laravel\framework\src\Illuminate\Foundation\Http\Kernel.php(167): Igniter\Flame\Router\CoreRouter->dispatch(Object(Illuminate\Http\Request))
#32 C:\xampp\htdocs\testigniter\vendor\laravel\framework\src\Illuminate\Pipeline\Pipeline.php(128): Illuminate\Foundation\Http\Kernel->Illuminate\Foundation\Http\{closure}(Object(Illuminate\Http\Request))
#33 C:\xampp\htdocs\testigniter\vendor\tastyigniter\flame\src\Setting\Middleware\SaveSetting.php(27): Illuminate\Pipeline\Pipeline->Illuminate\Pipeline\{closure}(Object(Illuminate\Http\Request))
#34 C:\xampp\htdocs\testigniter\vendor\laravel\framework\src\Illuminate\Pipeline\Pipeline.php(167): Igniter\Flame\Setting\Middleware\SaveSetting->handle(Object(Illuminate\Http\Request), Object(Closure))
#35 C:\xampp\htdocs\testigniter\vendor\laravel\framework\src\Illuminate\Foundation\Http\Middleware\TransformsRequest.php(21): Illuminate\Pipeline\Pipeline->Illuminate\Pipeline\{closure}(Object(Illuminate\Http\Request))
#36 C:\xampp\htdocs\testigniter\vendor\laravel\framework\src\Illuminate\Foundation\Http\Middleware\TrimStrings.php(40): Illuminate\Foundation\Http\Middleware\TransformsRequest->handle(Object(Illuminate\Http\Request), Object(Closure))
#37 C:\xampp\htdocs\testigniter\vendor\laravel\framework\src\Illuminate\Pipeline\Pipeline.php(167): Illuminate\Foundation\Http\Middleware\TrimStrings->handle(Object(Illuminate\Http\Request), Object(Closure))
#38 C:\xampp\htdocs\testigniter\vendor\laravel\framework\src\Illuminate\Foundation\Http\Middleware\ValidatePostSize.php(27): Illuminate\Pipeline\Pipeline->Illuminate\Pipeline\{closure}(Object(Illuminate\Http\Request))
#39 C:\xampp\htdocs\testigniter\vendor\laravel\framework\src\Illuminate\Pipeline\Pipeline.php(167): Illuminate\Foundation\Http\Middleware\ValidatePostSize->handle(Object(Illuminate\Http\Request), Object(Closure))
#40 C:\xampp\htdocs\testigniter\vendor\laravel\framework\src\Illuminate\Foundation\Http\Middleware\PreventRequestsDuringMaintenance.php(86): Illuminate\Pipeline\Pipeline->Illuminate\Pipeline\{closure}(Object(Illuminate\Http\Request))
#41 C:\xampp\htdocs\testigniter\vendor\laravel\framework\src\Illuminate\Pipeline\Pipeline.php(167): Illuminate\Foundation\Http\Middleware\PreventRequestsDuringMaintenance->handle(Object(Illuminate\Http\Request), Object(Closure))
#42 C:\xampp\htdocs\testigniter\vendor\fruitcake\laravel-cors\src\HandleCors.php(38): Illuminate\Pipeline\Pipeline->Illuminate\Pipeline\{closure}(Object(Illuminate\Http\Request))
#43 C:\xampp\htdocs\testigniter\vendor\laravel\framework\src\Illuminate\Pipeline\Pipeline.php(167): Fruitcake\Cors\HandleCors->handle(Object(Illuminate\Http\Request), Object(Closure))
#44 C:\xampp\htdocs\testigniter\vendor\fideloper\proxy\src\TrustProxies.php(57): Illuminate\Pipeline\Pipeline->Illuminate\Pipeline\{closure}(Object(Illuminate\Http\Request))
#45 C:\xampp\htdocs\testigniter\vendor\laravel\framework\src\Illuminate\Pipeline\Pipeline.php(167): Fideloper\Proxy\TrustProxies->handle(Object(Illuminate\Http\Request), Object(Closure))
#46 C:\xampp\htdocs\testigniter\extensions\igniter\api\vendor\dingo\api\src\Http\Middleware\Request.php(111): Illuminate\Pipeline\Pipeline->Illuminate\Pipeline\{closure}(Object(Illuminate\Http\Request))
#47 C:\xampp\htdocs\testigniter\vendor\laravel\framework\src\Illuminate\Pipeline\Pipeline.php(167): Dingo\Api\Http\Middleware\Request->handle(Object(Illuminate\Http\Request), Object(Closure))
#48 C:\xampp\htdocs\testigniter\vendor\laravel\framework\src\Illuminate\Pipeline\Pipeline.php(103): Illuminate\Pipeline\Pipeline->Illuminate\Pipeline\{closure}(Object(Illuminate\Http\Request))
#49 C:\xampp\htdocs\testigniter\vendor\laravel\framework\src\Illuminate\Foundation\Http\Kernel.php(142): Illuminate\Pipeline\Pipeline->then(Object(Closure))
#50 C:\xampp\htdocs\testigniter\vendor\laravel\framework\src\Illuminate\Foundation\Http\Kernel.php(111): Illuminate\Foundation\Http\Kernel->sendRequestThroughRouter(Object(Illuminate\Http\Request))
#51 C:\xampp\htdocs\testigniter\index.php(53): Illuminate\Foundation\Http\Kernel->handle(Object(Illuminate\Http\Request))
#52 {main}  
