.++++++++++++++++++++++++++++++++++++++++++++++++++++++++++++++.
.------------------- TASTYIGNITER SETUP LOG ------------------.
.++++++++++++++++++++++++++++++++++++++++++++++++++++++++++++++.
[2022/10/26 04:56:30] => Host: Windows NT DESARROLLADOR4 10.0 build 22000 (Windows 10) AMD64
[2022/10/26 04:56:30] => PHP version: 8.0.7
[2022/10/26 04:56:30] => Server software: Apache/2.4.48 (Win64) OpenSSL/1.1.1k PHP/8.0.7
[2022/10/26 04:56:30] => Operating system: WINNT
[2022/10/26 04:56:30] => Memory limit: 512M
[2022/10/26 04:56:30] => Max execution time: 120
[2022/10/26 04:56:33] => .============================ POST REQUEST ==========================.
[2022/10/26 04:56:33] => Postback payload: Array
(
    [license_agreed] => accepted
    [code] => php
    [handler] => onCheckRequirements
)

[2022/10/26 04:56:33] => System check: php
[2022/10/26 04:56:33] => Requirement php +OK
[2022/10/26 04:56:33] => Execute handler (onCheckRequirements): Array
(
    [result] => 1
)

[2022/10/26 04:56:35] => .============================ POST REQUEST ==========================.
[2022/10/26 04:56:35] => Postback payload: Array
(
    [license_agreed] => accepted
    [code] => pdo
    [handler] => onCheckRequirements
)

[2022/10/26 04:56:35] => System check: pdo
[2022/10/26 04:56:35] => Requirement pdo +OK
[2022/10/26 04:56:35] => Execute handler (onCheckRequirements): Array
(
    [result] => 1
)

[2022/10/26 04:56:36] => .============================ POST REQUEST ==========================.
[2022/10/26 04:56:36] => Postback payload: Array
(
    [license_agreed] => accepted
    [code] => curl
    [handler] => onCheckRequirements
)

[2022/10/26 04:56:36] => System check: curl
[2022/10/26 04:56:36] => Requirement curl +OK
[2022/10/26 04:56:36] => Execute handler (onCheckRequirements): Array
(
    [result] => 1
)

[2022/10/26 04:56:38] => .============================ POST REQUEST ==========================.
[2022/10/26 04:56:38] => Postback payload: Array
(
    [license_agreed] => accepted
    [code] => connection
    [handler] => onCheckRequirements
)

[2022/10/26 04:56:38] => System check: connection
[2022/10/26 04:56:38] => Server request: ping
[2022/10/26 04:56:38] => Request information: Array
(
    [url] => https://api.tastyigniter.com/v2/ping
    [content_type] => application/json
    [http_code] => 200
    [header_size] => 852
    [request_size] => 135
    [filetime] => -1
    [ssl_verify_result] => 0
    [redirect_count] => 0
    [total_time] => 0.452697
    [namelookup_time] => 0.118092
    [connect_time] => 0.155838
    [pretransfer_time] => 0.220374
    [size_upload] => 155
    [size_download] => 17
    [speed_download] => 37
    [speed_upload] => 342
    [download_content_length] => 17
    [upload_content_length] => 155
    [starttransfer_time] => 0.220382
    [redirect_time] => 0
    [redirect_url] => 
    [primary_ip] => 172.67.132.198
    [certinfo] => Array
        (
        )

    [primary_port] => 443
    [local_ip] => 172.16.21.73
    [local_port] => 58507
    [http_version] => 3
    [protocol] => 2
    [ssl_verifyresult] => 0
    [scheme] => HTTPS
    [appconnect_time_us] => 219327
    [connect_time_us] => 155838
    [namelookup_time_us] => 118092
    [pretransfer_time_us] => 220374
    [redirect_time_us] => 0
    [starttransfer_time_us] => 220382
    [total_time_us] => 452697
)

[2022/10/26 04:56:38] => Requirement connection +OK
[2022/10/26 04:56:38] => Execute handler (onCheckRequirements): Array
(
    [result] => 1
)

[2022/10/26 04:56:40] => .============================ POST REQUEST ==========================.
[2022/10/26 04:56:40] => Postback payload: Array
(
    [license_agreed] => accepted
    [code] => mbstring
    [handler] => onCheckRequirements
)

[2022/10/26 04:56:40] => System check: mbstring
[2022/10/26 04:56:40] => Requirement mbstring +OK
[2022/10/26 04:56:40] => Execute handler (onCheckRequirements): Array
(
    [result] => 1
)

[2022/10/26 04:56:41] => .============================ POST REQUEST ==========================.
[2022/10/26 04:56:41] => Postback payload: Array
(
    [license_agreed] => accepted
    [code] => ssl
    [handler] => onCheckRequirements
)

[2022/10/26 04:56:41] => System check: ssl
[2022/10/26 04:56:41] => Requirement ssl +OK
[2022/10/26 04:56:41] => Execute handler (onCheckRequirements): Array
(
    [result] => 1
)

[2022/10/26 04:56:43] => .============================ POST REQUEST ==========================.
[2022/10/26 04:56:43] => Postback payload: Array
(
    [license_agreed] => accepted
    [code] => gd
    [handler] => onCheckRequirements
)

[2022/10/26 04:56:43] => System check: gd
[2022/10/26 04:56:43] => Requirement gd +OK
[2022/10/26 04:56:43] => Execute handler (onCheckRequirements): Array
(
    [result] => 1
)

[2022/10/26 04:56:44] => .============================ POST REQUEST ==========================.
[2022/10/26 04:56:44] => Postback payload: Array
(
    [license_agreed] => accepted
    [code] => zip
    [handler] => onCheckRequirements
)

[2022/10/26 04:56:44] => System check: zip
[2022/10/26 04:56:44] => Requirement zip +OK
[2022/10/26 04:56:44] => Execute handler (onCheckRequirements): Array
(
    [result] => 1
)

[2022/10/26 04:56:46] => .============================ POST REQUEST ==========================.
[2022/10/26 04:56:46] => Postback payload: Array
(
    [license_agreed] => accepted
    [code] => writable
    [handler] => onCheckRequirements
)

[2022/10/26 04:56:46] => System check: writable
[2022/10/26 04:56:46] => Requirement writable +OK
[2022/10/26 04:56:46] => Execute handler (onCheckRequirements): Array
(
    [result] => 1
)

[2022/10/26 04:56:50] => .============================ POST REQUEST ==========================.
[2022/10/26 04:56:50] => Postback payload: Array
(
    [license_agreed] => accepted
    [requirement] => complete
    [handler] => onCompleteRequirements
)

[2022/10/26 04:56:50] => License Agreement: accepted
[2022/10/26 04:56:50] => Execute handler (onCompleteRequirements): Array
(
    [step] => database
)

[2022/10/26 05:01:29] => .============================ POST REQUEST ==========================.
[2022/10/26 05:01:29] => Postback payload: Array
(
    [disableLog] => 1
)

[2022/10/26 05:01:29] => Database check: 11_18_28_bet_el_cakes_db
[2022/10/26 05:01:29] => Database 11_18_28_bet_el_cakes_db +OK
[2022/10/26 05:01:29] => Execute handler (onCheckDatabase): Array
(
    [step] => settings
    [settingsInstalled] => 
)

[2022/10/26 05:19:21] => .============================ POST REQUEST ==========================.
[2022/10/26 05:19:21] => Postback payload: Array
(
    [disableLog] => 1
)

[2022/10/26 05:19:21] => Settings check: Bet-el Cakes
[2022/10/26 05:19:21] => Settings +OK
[2022/10/26 05:19:21] => Execute handler (onValidateSettings): Array
(
    [step] => install
)

[2022/10/26 05:19:26] => .============================ POST REQUEST ==========================.
[2022/10/26 05:19:26] => Postback payload: Array
(
    [disableLog] => 1
)

[2022/10/26 05:19:26] => Foundation setup: apply
[2022/10/26 05:19:26] => Server request: item/detail
[2022/10/26 05:19:26] => Request information: Array
(
    [url] => https://api.tastyigniter.com/v2/item/detail
    [content_type] => application/json
    [http_code] => 200
    [header_size] => 883
    [request_size] => 204
    [filetime] => -1
    [ssl_verify_result] => 0
    [redirect_count] => 0
    [total_time] => 0.403507
    [namelookup_time] => 0.10074
    [connect_time] => 0.128933
    [pretransfer_time] => 0.186175
    [size_upload] => 235
    [size_download] => 508
    [speed_download] => 1260
    [speed_upload] => 583
    [download_content_length] => 508
    [upload_content_length] => 235
    [starttransfer_time] => 0.186182
    [redirect_time] => 0
    [redirect_url] => 
    [primary_ip] => 104.21.5.26
    [certinfo] => Array
        (
        )

    [primary_port] => 443
    [local_ip] => 172.16.21.73
    [local_port] => 63426
    [http_version] => 3
    [protocol] => 2
    [ssl_verifyresult] => 0
    [scheme] => HTTPS
    [appconnect_time_us] => 186028
    [connect_time_us] => 128933
    [namelookup_time_us] => 100740
    [pretransfer_time_us] => 186175
    [redirect_time_us] => 0
    [starttransfer_time_us] => 186182
    [total_time_us] => 403507
)

[2022/10/26 05:19:26] => Server request: core/install
[2022/10/26 05:19:27] => Request information: Array
(
    [url] => https://api.tastyigniter.com/v2/core/install
    [content_type] => application/json
    [http_code] => 200
    [header_size] => 889
    [request_size] => 205
    [filetime] => -1
    [ssl_verify_result] => 0
    [redirect_count] => 0
    [total_time] => 0.370046
    [namelookup_time] => 0.00671
    [connect_time] => 0.035654
    [pretransfer_time] => 0.090668
    [size_upload] => 235
    [size_download] => 712
    [speed_download] => 1924
    [speed_upload] => 635
    [download_content_length] => 712
    [upload_content_length] => 235
    [starttransfer_time] => 0.090678
    [redirect_time] => 0
    [redirect_url] => 
    [primary_ip] => 104.21.5.26
    [certinfo] => Array
        (
        )

    [primary_port] => 443
    [local_ip] => 172.16.21.73
    [local_port] => 63431
    [http_version] => 3
    [protocol] => 2
    [ssl_verifyresult] => 0
    [scheme] => HTTPS
    [appconnect_time_us] => 90462
    [connect_time_us] => 35654
    [namelookup_time_us] => 6710
    [pretransfer_time_us] => 90668
    [redirect_time_us] => 0
    [starttransfer_time_us] => 90678
    [total_time_us] => 370046
)

[2022/10/26 05:19:27] => Foundation setup: apply +OK
[2022/10/26 05:19:27] => Execute handler (onInstall): Array
(
    [result] => Array
        (
            [download] => Array
                (
                    [0] => Array
                        (
                            [action] => install
                            [process] => downloadCore
                            [code] => tastyigniter
                            [name] => TastyIgniter
                            [author] => Samuel Adepoyigi
                            [description] => Powerful, yet easy to use, open source online food ordering, table reservation and restaurant management system
                            [icon] => icon-logo icon-ti-text-logo
                            [type] => core
                            [hash] => fa8e6939a54fc58e957d2927dfe00c3f9fd5c596
                            [version] => v3.5.5
                            [published_at] => 2022-09-21T15:25:49.000000Z
                        )

                    [1] => Array
                        (
                            [action] => install
                            [process] => downloadTheme
                            [code] => tastyigniter-orange
                            [name] => TastyIgniter Orange
                            [author] => TastyIgniter Dev Team
                            [description] => Free Modern, Responsive and Clean TastyIgniter Theme based on Bootstrap.
                            [icon] => fa-paint-brush
                            [type] => theme
                            [hash] => 6529d33242868f1611665fb7d650099b934a8921
                            [version] => v3.0.0
                            [published_at] => 2022-05-20T12:09:41.000000Z
                        )

                )

            [extract] => Array
                (
                    [0] => Array
                        (
                            [action] => install
                            [process] => extractCore
                            [code] => tastyigniter
                            [name] => TastyIgniter
                            [author] => Samuel Adepoyigi
                            [description] => Powerful, yet easy to use, open source online food ordering, table reservation and restaurant management system
                            [icon] => icon-logo icon-ti-text-logo
                            [type] => core
                            [hash] => fa8e6939a54fc58e957d2927dfe00c3f9fd5c596
                            [version] => v3.5.5
                            [published_at] => 2022-09-21T15:25:49.000000Z
                        )

                    [1] => Array
                        (
                            [action] => install
                            [process] => extractTheme
                            [code] => tastyigniter-orange
                            [name] => TastyIgniter Orange
                            [author] => TastyIgniter Dev Team
                            [description] => Free Modern, Responsive and Clean TastyIgniter Theme based on Bootstrap.
                            [icon] => fa-paint-brush
                            [type] => theme
                            [hash] => 6529d33242868f1611665fb7d650099b934a8921
                            [version] => v3.0.0
                            [published_at] => 2022-05-20T12:09:41.000000Z
                        )

                )

            [config] => Array
                (
                    [0] => Array
                        (
                            [items] => Array
                                (
                                    [0] => Array
                                        (
                                            [code] => tastyigniter
                                            [name] => TastyIgniter
                                            [author] => Samuel Adepoyigi
                                            [description] => Powerful, yet easy to use, open source online food ordering, table reservation and restaurant management system
                                            [icon] => icon-logo icon-ti-text-logo
                                            [type] => core
                                            [hash] => fa8e6939a54fc58e957d2927dfe00c3f9fd5c596
                                            [version] => v3.5.5
                                            [published_at] => 2022-09-21T15:25:49.000000Z
                                        )

                                    [1] => Array
                                        (
                                            [code] => tastyigniter-orange
                                            [name] => TastyIgniter Orange
                                            [author] => TastyIgniter Dev Team
                                            [description] => Free Modern, Responsive and Clean TastyIgniter Theme based on Bootstrap.
                                            [icon] => fa-paint-brush
                                            [type] => theme
                                            [hash] => 6529d33242868f1611665fb7d650099b934a8921
                                            [version] => v3.0.0
                                            [published_at] => 2022-05-20T12:09:41.000000Z
                                        )

                                )

                            [process] => writeConfig
                        )

                )

            [install] => Array
                (
                    [0] => Array
                        (
                            [items] => Array
                                (
                                    [0] => Array
                                        (
                                            [code] => tastyigniter
                                            [name] => TastyIgniter
                                            [author] => Samuel Adepoyigi
                                            [description] => Powerful, yet easy to use, open source online food ordering, table reservation and restaurant management system
                                            [icon] => icon-logo icon-ti-text-logo
                                            [type] => core
                                            [hash] => fa8e6939a54fc58e957d2927dfe00c3f9fd5c596
                                            [version] => v3.5.5
                                            [published_at] => 2022-09-21T15:25:49.000000Z
                                        )

                                    [1] => Array
                                        (
                                            [code] => tastyigniter-orange
                                            [name] => TastyIgniter Orange
                                            [author] => TastyIgniter Dev Team
                                            [description] => Free Modern, Responsive and Clean TastyIgniter Theme based on Bootstrap.
                                            [icon] => fa-paint-brush
                                            [type] => theme
                                            [hash] => 6529d33242868f1611665fb7d650099b934a8921
                                            [version] => v3.0.0
                                            [published_at] => 2022-05-20T12:09:41.000000Z
                                        )

                                )

                            [process] => finishInstall
                        )

                )

        )

)

[2022/10/26 05:19:27] => .============================ POST REQUEST ==========================.
[2022/10/26 05:19:27] => Postback payload: Array
(
    [disableLog] => 1
)

[2022/10/26 05:19:27] => Foundation setup: downloadCore
[2022/10/26 05:19:47] => Downloaded file (tastyigniter) to C:\xampp\htdocs\testigniter\setup/temp/ef0eaeec4a461084eb2522e05b439f26.zip
[2022/10/26 05:19:47] => Foundation setup: downloadCore +OK
[2022/10/26 05:19:47] => Execute handler (onInstall): Array
(
    [result] => 1
)

[2022/10/26 05:19:48] => .============================ POST REQUEST ==========================.
[2022/10/26 05:19:48] => Postback payload: Array
(
    [disableLog] => 1
)

[2022/10/26 05:19:48] => Foundation setup: downloadTheme
[2022/10/26 05:19:51] => Downloaded file (tastyigniter-orange) to C:\xampp\htdocs\testigniter\setup/temp/d524ceb31a7e131d7d22e6398a45a960.zip
[2022/10/26 05:19:51] => Foundation setup: downloadTheme +OK
[2022/10/26 05:19:51] => Execute handler (onInstall): Array
(
    [result] => 1
)

[2022/10/26 05:19:52] => .============================ POST REQUEST ==========================.
[2022/10/26 05:19:52] => Postback payload: Array
(
    [disableLog] => 1
)

[2022/10/26 05:19:52] => Foundation setup: extractCore
[2022/10/26 05:19:52] => Extracting [tastyigniter] file ef0eaeec4a461084eb2522e05b439f26.zip
[2022/10/26 05:20:18] => Foundation setup: extractCore +OK
[2022/10/26 05:20:18] => Execute handler (onInstall): Array
(
    [result] => 1
)

[2022/10/26 05:20:19] => .============================ POST REQUEST ==========================.
[2022/10/26 05:20:19] => Postback payload: Array
(
    [disableLog] => 1
)

[2022/10/26 05:20:19] => Foundation setup: extractTheme
[2022/10/26 05:20:19] => Extracting [tastyigniter-orange] file d524ceb31a7e131d7d22e6398a45a960.zip
[2022/10/26 05:20:20] => Foundation setup: extractTheme +OK
[2022/10/26 05:20:20] => Execute handler (onInstall): Array
(
    [result] => 1
)

[2022/10/26 05:20:21] => .============================ POST REQUEST ==========================.
[2022/10/26 05:20:21] => Postback payload: Array
(
    [disableLog] => 1
)

[2022/10/26 05:20:21] => Foundation setup: writeConfig
[2022/10/26 03:20:21] => Foundation setup: writeConfig +OK
[2022/10/26 03:20:21] => Execute handler (onInstall): Array
(
    [result] => 1
)

[2022/10/26 05:20:23] => .============================ POST REQUEST ==========================.
[2022/10/26 05:20:23] => Postback payload: Array
(
    [disableLog] => 1
)

[2022/10/26 05:20:23] => Foundation setup: finishInstall
[2022/10/26 03:20:37] => Foundation setup: finishInstall +OK
[2022/10/26 03:20:37] => Execute handler (onInstall): Array
(
    [result] => http://localhost/testigniter/admin/login
)

